[  0000000 Itilizig rop susycpuset
[  0000000] Initializing cgroup subsys cpu
[    0.000000] Initializing cgroup subsys cpuacct
[    0.000000] Linux version 4.4.0-104-generic (buildd@lgw01-amd64-022) (gcc verio5.4. 260609 (Ubuntu 5.4.0-6ubuntu1~16.04.5) ) #127-Ubuntu SMP Mon Dec 11 12:16:42 UTC 2017 (Ubuntu 4.4.0-104.127-generic 4.4.98)
[    0.000000] Command line: BOOT_IMAGE=/boot/vmlinuz-4.4.0-104-generic root=UUID=ee8827e1-8636-41fb-9829-982477f6eec9 ro console=tty1 console=ttyS0
[    0.000000] KERNEL supported cpus:
[    0.000000]   Intel GenuineIntel
[    0.000000]   AMD AuthenticAMD
[    0.000000]   Centaur CentaurHauls
[   000000] x6/u:xsatofset[2]:  576, xstate_sizes[2]:  256
[    0.000000] x86/fpu: Supporting XSAVE feature 0x01: 'x87 floating point registers'
[    0.000000] x86/fpu: Supporting XSAVE feature 0x02: 'SSE registers'
[    0.000000] x86/fpu: Supporting XSAVE feature 0x0: AVX registers'
[    000000] 86fpu Ebledxsat fatures0x cntex szes 83 bytes, using 'standard' format.
[    0.000000] x86/fpu: Using 'lazy' FPU onxt stcs.
[   .0000] e820: BIOS-provided physical RAM map:
[    0.000000] BIOS-e820: [mem 0x0000000000000000-0x000000000009fbff] usable
[    0.00000] BIOe80: [mem 0x00000009fc0-00000000009ff resrv
    .000] BIOSe8: mem x00000000000f00-000000000ffff] esve
[   00000]BI-e20:[mem0x00000001000-0x000000003ffeffff] usable
[    0.000000] BIOS-e820: [mem 0x000000003fff0000-0x000000003fffffff] ACPI data
[    0.000000] BIOS-e820: [mem 0x00000000fec00000-0x00000000fec00fff] reserved
[    0.000000] BIOS-e820: [mem 0x00000000fee00000-0x00000000fee00fff] reserved
[    0.000000] BIOS-e820: [mem 0x00000000fffc0000-0x00000000ffffffff] reserved
[    0.000000] NX (Execute Disable) protection: active
[    0.000000] SMBIOS 2.5 present.
[    0.000000] Hypervisor detected: KVM
[    0.000000] e820: last_pfn = 0x3fff0 max_arch_pfn = 0x400000000
[    0.000000] MTRR: Disabled
[    0.000000] x86/PAT: MTRRs disabled, skipping PAT initialization too.
[    0.000000] CU MTRRs all blank - virtualized system.
[    0.000000] x86/PAT: Configuration [0-7]: WB  W  UC- UC  WB  WT  UC- UC  
[    0.000000] found SMP MP-table at [mem 0x0009fff0-0x0009ffff] mapped at [ffff88000009fff0]
[    0.000000] Scanning 1 areas for low memory corruption
[    0.000000] RAMDISK: [mem 0x36234000-0x37111fff]
[    0.000000] ACPI: Early table checksum verification disabled
[    0.000000] ACPI: RSDP 0x00000000000E0000002 (2 VB  
[    .000000] ACPI: XSDT 0x000000003FFF0030 00003C (v01 VBOX   VBOXXSDT 00000001 ASL  00000061)
[   .00000] PI FCPx00000003FF00 000F4v0 VBOX  BOACP 00001ASL 00061)
[   00000]CP: DSDT0x000000FF47 021 (02 BO  VBXBIOS 00000002 INTL 20100528)
[    0.000000] ACPI: FACS 0x000000003FFF0200 000040
[    0.000000] ACPI: FACS 0x000000003FFF0200 000040
[    0.000000] ACPI: APIC 0x000000003FFF0240 00005C (v02 VBOX   VBOXAIC0000001AS  000061)
[    0.000000] ACPI: SSDT 0x000000003FFF02A0 0001CC (v01 VBOX   BOCPT 000002 TL20100528)
   00000] o UM configuration found
[    0.000000] Fakinga deat [em 0x0000000000-0x000003fefff][    00000 NOD_DA() allcaed[mem 03fb0000x3feff][  0.00000kv-clock: Using msrs 4b564d01 and 4b564d00
[    0.000000] kvm-clock: cpu 0, msr 0:3ffe3001, primary cpu clock
[    0.000]kvmclck using scedofse of 224412cyes
[   00000] cocouce: km-lock: ask:0xffffffffffmax_cl: 0xd44dffb, max_idle_ns: 881590591483 ns
[    0.000000] Zone ranges:
[    0.000000]   DMA      [mem 0x0000000000001000-0x0000000000ffffff]
[    0.000000]   DMA32    [mem 0x00000000000000x000000ffffff]
[   00000] Normal   empty
[    0.000000]   Device   empty
[    0.000000] Movable zone start for each node
[    0.000000] Early memory node ranges
[    0.000000]  node  0:me 0x0000000100-00000000efff
   0.000000]   node   0: [mem 0x0000000000100000-0x000000003ffeffff]
[    0.000000 Iitem supnoe 0 [mm 0000000000000-0x00000003feffff]
[    0.0000]CPI:PMimr IPo: 0x08
[    0.000000] IAP[0: apicid2,ersin , ddres fe0000, I -23
[   00000] ACPI: INT_SRC_OVR (bus 0 bus_irq 0 global_irq 2 dfl dfl)   0.000] CPI: IT_RCOV (bu 0usirq 9glba_irq  l lvel)
[    0.000000] Using ACPI (MADT) for SMP configuration information
[    0.000000] smpboot: Allowing 2 CPUs, 0 htpg PUs
  0.00000] PM: Registered nosave memory: [mem 0x00000000-0x00000fff]
[    0.000000] PM: Registered nosave memory: [mem 0x0009f00-x09fff][   0.0000 P: egteed nosveemry: [mm 00a000-000efff
   0.000 PM: Rgieredosve memory: [mem x00000-0000fff
    0.00] e80:me 0x40000-0xfebfff] valable for PCI devices
[    0.000000] Booting paravirtualized kernel on KVM
[    0.000000] clocksource: refined-jiffes msk 0xffffffff max_ccl: 0xfffffff, max_idle_ns: 7645519600211568 ns
[    0.000000] setup_percpu: NR_CPUS:512 nr_cpmask_bits:512 nr_cpu_ids:2 nr_node_ids:1
[    0.000000] PERCPU: Embedded 33 pages/cpu @ffff803fc000s9200 19d2876 04576
[    .000] PV splok hah bl entie 26 (order: 0, 4096 bytes)
[   00000]But  zonelistinNoe orer, mobiltyroupngn. Tot pes: 25713[   0.000] Poicy on: DMA2
[   .00000Kernelcoan lin: OTIMAG=/otvmliuz-4.4.010geneicoo=UUIee27e186-4fb-99-24776e9 o conol=t1 coso=tyS0[   .00000PI has tleentries: 4096 (oer 3, 276 bes)
[   .000000 Memor: 738K/181K aville(848 knel ce,295Kwda, 3988K rodata, 1492K init, 1316K bss, 50772K reserved, 0K cma-reserved)
[    0.000000] SLUB: HWalign=64, Order=0-3, MinObjects=0, CPUs=2, Nodes=1
[    0.000000] Hierarchical RCU implementation.
[    0.000000] 	Build-time adjustment of leaf fanout to 64.
[    0.000000] 	RCU restricting CPUs from NR_CPUS=512 to nr_cpu_ids=2.
[    0.000000] RCU: Adjusting geometry for rcu_fanout_leaf=64, nr_cpu_ids=2
[    00000] R_IRS:02 nr_rq44 16[   0.000] Cnslecolo VA+ 8x2
[    0.000000] console [tty1] enabled
[    0.000000] console [ttyS0] enabled
[    0.000000] tsc: Detected 2394.456 MHz processor
[   10.049516] Calibrating delay loop (skipped) preset value.. 4788.91 BogoMIPS (lpj=9577824)
[   10.137841] pid_max: default: 32768 minimum: 301
[   10.138640] ACPI: Core revision 20150930
[   10.140271] ACPI: 2 ACPI AML tables successfully acquired and loaded
[   10.192433] Security Framework initialized
[   10.221841] Yama: becoming mindful.
[   10.222530] AppArmor: AppArmor initialized
[   10.237376] Dentry cache hash table entries: 131072 (order: 8, 1048576 bytes)
[   10.246877] Inode-cache hash table entries: 65536 (order: 7, 524288 bytes)
[   10.251908] Mount-cache hash table entries: 2048 (order: 2, 16384 bytes)
[   10.338542] Mountpoint-cache hash table entries: 2048 (order: 2, 16384 bytes)
[   10.378292] Initializing cgroup subsys io
[   10.414538] Initializing cgroup subsys memory
[   10.415456] Initializing cgroup subsys devices
[   10.416359] Initializing cgroup subsys freezer
[   10.417285] Initializing cgroup subsys net_cls
[   10.418402] Initializing cgroup subsys perf_event
[   10.426319] Initializing cgroup subsys net_prio
[   10.462108] Initializing cgroup subsys hugetlb
[   10.476145] Initializing cgroup subsys pids
[   10.476973] CPU: Physical Processor ID: 0
[   10.477716] CPU: Processor Core ID: 0
[   10.479384] mce: CPU supports 0 MCE banks
[   10.485895] Last level iTLB entries: 4KB 64, 2MB 8, 4MB 8
[   10.486804] Last level dTLB entries: 4KB 64, 2MB 0, 4MB 0, 1GB 4
[   10.489608] Freeing SMP alternatives memory: 32K
[   10.498111] ftrace: allocating 32158 entries in 126 pages
[   10.537353] smpboot: APIC(0) Converting physical 0 to logical package 0
[   10.638140] smpboot: Max logical packages: 1
[   10.694127] x2apic enabled
[   10.737978] Switched APIC routing to physical x2apic.
[   10.801727] ..TIMER: vector=0x30 apic1=0 pin1=2 apic2=-1 pin2=-1
[   11.005381] smpboot: CPU0: Intel(R) Core(TM) i7-5500U CPU @ 2.40GHz (family: 0x6, model: 0x3d, stepping: 0x4)
[   11.142456] Performance Events: unsupported p6 CPU model 61 no PMU driver, software events only.
[   11.287428] KVM setup paravirtual spinlock
[   11.338694] x86: Booting SMP configuration:
[   11.352761] .... node  #0, CPUs:      #1
[   11.400057] kvm-clock: cpu 1, msr 0:3ffe3041, secondary cpu clock
[   11.403046] mce: CPU supports 0 MCE banks
[   11.409554] x86: Booted up 1 node, 2 CPUs
[   11.424420] smpboot: Total of 2 processors activated (9577.82 BogoMIPS)
[   11.435271] devtmpfs: initialized
[   11.448986] evm: security.selinux
[   11.451094] evm: security.SMACK64
[   11.452079] evm: security.SMACK64EXEC
[   11.453144] evm: security.SMACK64TRANSMUTE
[   11.466347] evm: security.SMACK64MMAP
[   11.490112] evm: security.ima
[   11.502735] evm: security.capability
[   11.520215] clocksource: jiffies: mask: 0xffffffff max_cycles: 0xffffffff, max_idle_ns: 7645041785100000 ns
[   11.525775] futex hash table entries: 512 (order: 3, 32768 bytes)
[   11.533007] pinctrl core: initialized pinctrl subsystem
[   11.552894] RTC time:  1:33:08, date: 01/11/18
[   11.555695] NET: Registered protocol family 16
[   11.574264] cpuidle: using governor ladder
[   11.610476] cpuidle: using governor menu
[   11.634863] PCCT header not found.
[   11.640549] ACPI: bus type PCI registered
[   11.642682] acpiphp: ACPI Hot Plug PCI Controller Driver version: 0.5
[   11.644016] PCI: Using configuration type 1 for base access
[   11.659260] ACPI: Added _OSI(Module Device)
[   11.670920] ACPI: Added _OSI(Processor Device)
[   11.674185] ACPI: Added _OSI(3.0 _SCP Extensions)
[   11.684322] ACPI: Added _OSI(Processor Aggregator Device)
[   11.686626] ACPI: Executed 1 blocks of module-level executable AML code
[   11.709636] ACPI: Interpreter enabled
[   11.710330] ACPI: (supports S0 S5)
[   11.710992] ACPI: Using IOAPIC for interrupt routing
[   11.730484] PCI: Using host bridge windows from ACPI; if necessary, use "pci=nocrs" and report a bug
[   11.735483] ACPI: PCI Root Bridge [PCI0] (domain 0000 [bus 00-ff])
[   11.740433] acpi PNP0A03:00: _OSC: OS supports [ASPM ClockPM Segments MSI]
[   11.741556] acpi PNP0A03:00: _OSC: not requesting OS control; OS requires [ExtendedConfig ASPM ClockPM MSI]
[   11.743201] acpi PNP0A03:00: fail to add MMCONFIG information, can't access extended PCI configuration space under this bridge.
[   11.745288] PCI host bridge to bus 0000:00
[   11.746054] pci_bus 0000:00: root bus resource [io  0x0000-0x0cf7 window]
[   11.747125] pci_bus 0000:00: root bus resource [io  0x0d00-0xffff window]
[   11.754707] pci_bus 0000:00: root bus resource [mem 0x000a0000-0x000bffff window]
[   11.759948] pci_bus 0000:00: root bus resource [mem 0x40000000-0xfdffffff window]
[   11.761376] pci_bus 0000:00: root bus resource [bus 00-ff]
[   11.763910] pci 0000:00:01.1: legacy IDE quirk: reg 0x10: [io  0x01f0-0x01f7]
[   11.795037] pci 0000:00:01.1: legacy IDE quirk: reg 0x14: [io  0x03f6]
[   11.796076] pci 0000:00:01.1: legacy IDE quirk: reg 0x18: [io  0x0170-0x0177]
[   11.797189] pci 0000:00:01.1: legacy IDE quirk: reg 0x1c: [io  0x0376]
[   11.813879] pci 0000:00:07.0: quirk: [io  0x4000-0x403f] claimed by PIIX4 ACPI
[   11.896537] pci 0000:00:07.0: quirk: [io  0x4100-0x410f] claimed by PIIX4 SMB
[   11.981245] ACPI: PCI Interrupt Link [LNKA] (IRQs 5 9 10 *11)
[   12.024415] ACPI: PCI Interrupt Link [LNKB] (IRQs 5 9 *10 11)
[   12.129169] ACPI: PCI Interrupt Link [LNKC] (IRQs 5 *9 10 11)
[   12.185835] ACPI: PCI Interrupt Link [LNKD] (IRQs 5 9 10 *11)
[   12.238664] ACPI: Enabled 2 GPEs in block 00 to 07
[   12.298599] vgaarb: setting as boot device: PCI:0000:00:02.0
[   12.358773] vgaarb: device added: PCI:0000:00:02.0,decodes=io+mem,owns=io+mem,locks=none
[   12.403689] vgaarb: loaded
[   12.404441] vgaarb: bridge control possible 0000:00:02.0
[   12.462628] SCSI subsystem initialized
[   12.508443] ACPI: bus type USB registered
[   12.514781] usbcore: registered new interface driver usbfs
[   12.527744] usbcore: registered new interface driver hub
[   12.529221] usbcore: registered new device driver usb
[   12.547205] PCI: Using ACPI for IRQ routing
[   12.587722] NetLabel: Initializing
[   12.630819] NetLabel:  domain hash size = 128
[   12.668590] NetLabel:  protocols = UNLABELED CIPSOv4
[   12.680747] NetLabel:  unlabeled traffic allowed by default
[   12.681842] amd_nb: Cannot enumerate AMD northbridges
[   12.682726] clocksource: Switched to clocksource kvm-clock
[   12.7091 AArr:ppmo Fesstm abd[  13.0780 p: nPAC it  13536379] pnp: PnP ACPI: found 3 devices

[   13.636706] clocksource: acpi_pm: mask: 0xffffff max_cycles: 0xffffff, max_idle_ns: 2085701024 ns
[   13.705568] NET: Registered protocol family 2
[   13.709959] TCP established hash table entries: 8192 (order: 4, 65536 bytes)
[   13.712520] TCP bind hash table entries: 8192 (order: 5, 131072 bytes)
[   13.713561] TCP: Hash tables configured (established 8192 bind 8192)
[   13.739499] UDP hash table entries: 512 (order: 2, 16384 bytes)
[   13.740452] UDP-Lite hash table entries: 512 (order: 2, 16384 bytes)
[   13.743762] NET: Registered protocol family 1
[   13.744542] pci 0000:00:00.0: Limiting direct PCI/PCI transfers
[   13.745503] pci 0000:00:01.0: Activating ISA DMA hang workarounds
[   13.749752] Unpacking initramfs...
[   13.975066] Freeing initrd memory: 15224K
[   14.018846] RAPL PMU detected, API unit is 2^-32 Joules, 4 fixed counters 10737418240 ms ovfl timer
[   14.050732] hw unit of domain pp0-core 2^-0 Joules
[   14.077524] hw unit of domain package 2^-0 Joules
[   14.078519] hw unit of domain dram 2^-0 Joules
[   14.083618] hw unit of domain pp1-gpu 2^-0 Joules
[   14.084806] platform rtc_cmos: registered platform RTC device (no PNP device found)
[   14.088367] Scanning for low memory corruption every 60 seconds
[   14.105098] audit: initializing netlink subsys (disabled)
[   14.118844] audit: type=2000 audit(1515634383.789:1): initialized
[   14.120076] Initialise system trusted keyring
[   14.121022] HugeTLB registered 2 MB page size, pre-allocated 0 pages
[   14.172957] zbud: loaded
[   14.210995] VFS: Disk quotas dquot_6.6.0
[   14.255453] VFS: Dquot-cache hash table entries: 512 (order 0, 4096 bytes)
[   14.343609] squashfs: version 4.0 (2009/01/31) Phillip Lougher
[   14.401461] fuse init (API version 7.23)
[   14.403948] Key type big_key registered
[   14.404681] Allocating IMA MOK and blacklist keyrings.
[   14.445033] Key type asymmetric registered
[   14.463552] Asymmetric key parser 'x509' registered
[   14.511496] Block layer SCSI generic (bsg) driver version 0.4 loaded (major 249)
[   14.534036] io scheduler noop registered
[   14.543103] io scheduler deadline registered (default)
[   14.546171] io scheduler cfq registered
[   14.549093] pci_hotplug: PCI Hot Plug PCI Core version: 0.5
[   14.550261] pciehp: PCI Express Hot Plug Controller Driver version: 0.4
[   14.553775] ACPI: AC Adapter [AC] (on-line)
[   14.575300] input: Power Button as /devices/LNXSYSTM:00/LNXPWRBN:00/input/input0
[   14.604078] ACPI: Power Button [PWRF]
[   14.607787] input: Sleep Button as /devices/LNXSYSTM:00/LNXSLPBN:00/input/input1
[   14.611298] ACPI: Sleep Button [SLPF]
[   14.612451] GHES: HEST is not enabled!
[   14.613192] ACPI: Battery Slot [BAT0] (battery present)
[   14.644803] Serial: 8250/16550 driver, 32 ports, IRQ sharing enabled
[   14.677412] 00:02: ttyS0 at I/O 0x3f8 (irq = 4, base_baud = 115200) is a 16550A
[   14.695561] Linux agpgart interface v0.103
[   14.699554] loop: module loaded
[   14.717229] scsi host0: ata_piix
[   14.724281] scsi host1: ata_piix
[   14.725093] ata1: PATA max UDMA/33 cmd 0x1f0 ctl 0x3f6 bmdma 0xd000 irq 14
[   14.727927] ata2: PATA max UDMA/33 cmd 0x170 ctl 0x376 bmdma 0xd008 irq 15
[   14.729767] libphy: Fixed MDIO Bus: probed
[   14.730690] tun: Universal TUN/TAP device driver, 1.6
[   14.731652] tun: (C) 1999-2004 Max Krasnyansky <maxk@qualcomm.com>
[   14.732773] PPP generic driver version 2.4.2
[   14.733593] ehci_hcd: USB 2.0 'Enhanced' Host Controller (EHCI) Driver
[   14.736759] ehci-pci: EHCI PCI platform driver
[   14.740867] ehci-platform: EHCI generic platform driver
[   14.741974] ohci_hcd: USB 1.1 'Open' Host Controller (OHCI) Driver
[   14.749696] ohci-pci: OHCI PCI platform driver
[   14.750644] ohci-platform: OHCI generic platform driver
[   14.755599] uhci_hcd: USB Universal Host Controller Interface driver
[   14.758450] i8042: PNP: PS/2 Controller [PNP0303:PS2K,PNP0f03:PS2M] at 0x60,0x64 irq 1,12
[   14.767268] serio: i8042 KBD port at 0x60,0x64 irq 1
[   14.774865] serio: i8042 AUX port at 0x60,0x64 irq 12
[   14.775851] mousedev: PS/2 mouse device common for all mice
[   14.777233] input: AT Translated Set 2 keyboard as /devices/platform/i8042/serio0/input/input2
[   14.781230] rtc_cmos rtc_cmos: rtc core: registered rtc_cmos as rtc0
[   14.782295] rtc_cmos rtc_cmos: alarms up to one day, 114 bytes nvram
[   14.788225] i2c /dev entries driver
[   14.788941] device-mapper: uevent: version 1.0.3
[   14.789808] device-mapper: ioctl: 4.34.0-ioctl (2015-10-28) initialised: dm-devel@redhat.com
[   14.791328] ledtrig-cpu: registered to indicate activity on CPUs
[   14.792662] NET: Registered protocol family 10
[   14.793610] NET: Registered protocol family 17
[   14.794394] Key type dns_resolver registered
[   14.795311] microcode: CPU0 sig=0x306d4, pf=0x40, revision=0x0
[   14.798378] microcode: CPU1 sig=0x306d4, pf=0x40, revision=0x0
[   14.799403] microcode: Microcode Update Driver: v2.01 <tigran@aivazian.fsnet.co.uk>, Peter Oruba
[   14.806367] registered taskstats version 1
[   14.807158] Loading compiled-in X.509 certificates
[   14.810251] Loaded X.509 cert 'Build time autogenerated kernel key: 8537ad706776f532219d7336343c968b9f82f7c7'
[   14.814198] zswap: loaded using pool lzo/zbud
[   14.816727] Key type trusted registered
[   14.824789] Key type encrypted registered
[   14.868393] AppArmor: AppArmor sha1 policy hashing enabled
[   14.869304] ima: No TPM chip found, activating TPM-bypass!
[   14.873251] evm: HMAC attrs: 0x1
[   14.874238]   Magic number: 2:925:558
[   14.881134] tty ttyS30: hash matches
[   14.881828] misc vga_arbiter: hash matches
[   14.883894] rtc_cmos rtc_cmos: setting system clock to 2018-01-11 01:33:11 UTC (1515634391)
[   14.885507] BIOS EDD facility v0.16 2004-Jun-25, 0 devices found
[   14.886477] EDD information not available.
[   14.888424] Freeing unused kernel memory: 1492K
[   14.891485] Write protecting the kernel read-only data: 14336k
[   14.894653] Freeing unused kernel memory: 1744K
[   14.899083] Freeing unused kernel memory: 108K
Loading, please [   14.973485] random: systemd-udevd: uninitialized urandom read (16 bytes read, 3 bits of entropy available)
wait...
starting version 229
[   14.973921] random: udevadm: uninitialized urandom read (16 bytes read, 3 bits of entropy available)
[   14.973937] random: udevadm: uninitialized urandom read (16 bytes read, 3 bits of entropy available)
[   14.979597] random: udevadm: uninitialized urandom read (16 bytes read, 3 bits of entropy available)
[   14.979627] random: udevadm: uninitialized urandom read (16 bytes read, 3 bits of entropy available)
[   14.979723] random: udevadm: uninitialized urandom read (16 bytes read, 3 bits of entropy available)
[   14.979758] random: udevadm: uninitialized urandom read (16 bytes read, 3 bits of entropy available)
[   14.979794] random: udevadm: uninitialized urandom read (16 bytes read, 3 bits of entropy available)
[   14.979828] random: udevadm: uninitialized urandom read (16 bytes read, 3 bits of entropy available)
[   14.979861] random: udevadm: uninitialized urandom read (16 bytes read, 3 bits of entropy available)
[   15.187785] tsc: Refined TSC clocksource calibration: 2395.122 MHz
[   15.196900] clocksource: tsc: mask: 0xffffffffffffffff max_cycles: 0x22863777adf, max_idle_ns: 440795309140 ns
[   15.220020] Fusion MPT base driver 3.04.20
[   15.239645] Copyright (c) 1999-2008 LSI Corporation
[   15.246687] e1000: Intel(R) PRO/1000 Network Driver - version 7.3.21-k8-NAPI
[   15.255885] e1000: Copyright (c) 1999-2006 Intel Corporation.
[   15.297737] Fusion MPT SPI Host driver 3.04.20
[   15.309024] AVX2 version of gcm_enc/dec engaged.
[   15.329977] AES CTR mode by8 optimization enabled
[   15.570148] input: ImExPS/2 Generic Explorer Mouse as /devices/platform/i8042/serio1/input/input4
[   15.663212] e1000 0000:00:03.0 eth0: (PCI:33MHz:32-bit) 02:53:17:3c:de:80
[   15.721108] e1000 0000:00:03.0 eth0: Intel(R) PRO/1000 Network Connection
[   15.738228] mptbase: ioc0: Initiating bringup
[   15.807220] ioc0: LSI53C1030 A0: Capabilities={Initiator}
[   16.013886] scsi host2: ioc0: LSI53C1030 A0, FwRev=00000000h, Ports=1, MaxQ=256, IRQ=20
[   16.187457] scsi 2:0:0:0: Direct-Access     VBOX     HARDDISK         1.0  PQ: 0 ANSI: 5
[   16.204264] scsi target2:0:0: Beginning Domain Validation
[   16.223768] scsi target2:0:0: Domain Validation skipping write tests
[   16.229357] scsi target2:0:0: Ending Domain Validation
[   16.262921] scsi target2:0:0: asynchronous
[   16.286968] scsi 2:0:1:0: Direct-Access     VBOX     HARDDISK         1.0  PQ: 0 ANSI: 5
[   16.296686] scsi target2:0:1: Beginning Domain Validation
[   16.306149] scsi target2:0:1: Domain Validation skipping write tests
[   16.326800] scsi target2:0:1: Ending Domain Validation
[   16.328222] scsi target2:0:1: asynchronous
[   16.341347] sd 2:0:0:0: Attached scsi generic sg0 type 0
[   16.364913] sd 2:0:0:0: [sda] 20971520 512-byte logical blocks: (10.7 GB/10.0 GiB)
[   16.367074] sd 2:0:0:0: [sda] Write Protect is off
[   16.369364] sd 2:0:0:0: [sda] Incomplete mode parameter data
[   16.380301] sd 2:0:0:0: [sda] Assuming drive cache: write through
[   16.386511] sd 2:0:1:0: [sdb] 20480 512-byte logical blocks: (10.5 MB/10.0 MiB)
[   16.388434] sd 2:0:1:0: [sdb] Write Protect is off
[   16.389621] sd 2:0:1:0: [sdb] Incomplete mode parameter data
[   16.390865] sd 2:0:1:0: [sdb] Assuming drive cache: write through
[   16.392667] sd 2:0:1:0: Attached scsi generic sg1 type 0
[   16.451943]  sda: sda1
[   16.475736] sd 2:0:1:0: [sdb] Attached SCSI disk
[   16.478198] sd 2:0:0:0: [sda] Attached SCSI disk
[   16.580638] e1000 0000:00:08.0 eth1: (PCI:33MHz:32-bit) 08:00:27:0c:3e:11
[   16.680752] e1000 0000:00:08.0 eth1: Intel(R) PRO/1000 Network Connection
[   16.764474] e1000 0000:00:03.0 enp0s3: renamed from eth0
[   16.795796] e1000 0000:00:08.0 enp0s8: renamed from eth1
[   18.247422] floppy0: no floppy controllers found
Begin: Loading e[   20.525204] md: linear personality registered for level -1
ssential drivers[   20.598724] md: multipath personality registered for level -4
 ... [   20.702055] md: raid0 personality registered for level 0
[   20.779710] md: raid1 personality registered for level 1
[   20.907452] raid6: sse2x1   gen()  8032 MB/s
[   20.995406] raid6: sse2x1   xor()  5744 MB/s
[   21.091221] raid6: sse2x2   gen()  8845 MB/s
[   21.183115] raid6: sse2x2   xor()  7480 MB/s
[   21.295547] raid6: sse2x4   gen() 13044 MB/s
[   21.403098] raid6: sse2x4   xor()  8994 MB/s
[   21.502802] raid6: avx2x1   gen() 17470 MB/s
[   21.607401] raid6: avx2x2   gen() 20162 MB/s
[   21.731576] raid6: avx2x4   gen() 22824 MB/s
[   21.787697] raid6: using algorithm avx2x4 gen() 22824 MB/s
[   21.855179] raid6: using avx2x2 recovery algorithm
[   21.936683] xor: automatically using best checksumming function:
[   22.031244]    avx       : 20509.000 MB/sec
[   22.090088] async_tx: api initialized (async)
[   22.129253] md: raid6 personality registered for level 6
[   22.132858] md: raid5 personality registered for level 5
[   22.134147] md: raid4 personality registered for level 4
[   22.145820] md: raid10 personality registered for level 10
done.
Begin: Running /scripts/init-premount ... done.
Begin: Mounting root file system ... Begin: R[   22.181040] Btrfs loaded
unning /scripts/local-top ... done.
Begin: Running /scripts/local-premount ... Scanning for Btr[   22.261952] EXT4-fs (sda1): mounted filesystem with ordered data mode. Opts: (null)
fs filesystems
done.
Warning: fsck not present, so skipping root file system
done.
Begin: Running /scripts/local-bottom ... done.
Begin: Running /scripts/init-bottom ... done.
[   22.998614] random: nonblocking pool is initialized
[   23.119506] systemd[1]: systemd 229 running in system mode. (+PAM +AUDIT +SELINUX +IMA +APPARMOR +SMACK +SYSVINIT +UTMP +LIBCRYPTSETUP +GCRYPT +GNUTLS +ACL +XZ -LZ4 +SECCOMP +BLKID +ELFUTILS +KMOD -IDN)
[   23.187997] systemd[1]: Detected virtualization oracle.
[   23.194327] systemd[1]: Detected architecture x86-64.

Welcome to [1mUbuntu 16.04.3 LTS[0m!

[   23.319891] systemd[1]: Set hostname to <ubuntu-xenial>.
[   24.805062] systemd[1]: Listening on Device-mapper event daemon FIFOs.
[[0;32m  OK  [0m] Listening on Device-mapper event daemon FIFOs.
[   24.991105] systemd[1]: Listening on Journal Socket.
[[0;32m  OK  [0m] Listening on Journal Socket.
[   25.143550] systemd[1]: Listening on Journal Socket (/dev/log).
[[0;32m  OK  [0m] Listening on Journal Socket (/dev/log).
[   25.223113] systemd[1]: Created slice System Slice.
[[0;32m  OK  [0m] Created slice System Slice.
[   25.339145] systemd[1]: Starting Create list of required static device nodes for the current kernel...
         Starting Create list of required st... nodes for the current kernel...
[   25.417410] systemd[1]: Reached target Swap.
[[0;32m  OK  [0m] Reached target Swap.
[   25.467202] systemd[1]: Starting Remount Root and Kernel File Systems...
         Starting Remount Root and Kernel File Systems...
[   25.542745] EXT4-fs (sda1): re-mounted. Opts: (null)
[   25.547335] systemd[1]: Mounting POSIX Message Queue File System...
         Mounting POSIX Message Queue File System...
[   25.607196] systemd[1]: Listening on LVM2 poll daemon socket.
[[0;32m  OK  [0m] Listening on LVM2 poll daemon socket.
[   25.775627] systemd[1]: Starting Namessrver information manager...
         Starting Nameserver information manager...
[   25.911752] systemd[1]: Listening on Journal Audit Socket.
[[0;32m  OK  [0m] Listening on Journal Audit Socket.
[   26.012280] systemd[1]: Mounting Debug File System...
         Mounting Debug File System...
[   26.131159] systemd[1]: Reached target User and Group Name Lookups.
[[0;32m  OK  [0m] Reached target User and Group Name Lookups.
[   26.296746] systemd[1]: Listening on LVM2 metadata daemon socket.
[[0;32m  OK  [0m] Listening on LVM2 metadata daemon socket.
[   26.407054] systemd[1]: Starting Monitoring of LVM2 mirrors, snapshots etc. using dmeventd or progress polling...
         Starting Monitoring of LVM2 mirrors... dmeventd or progress polling...
[   26.457014] systemd[1]: Reached target Encrypted Volumes.
[[0;32m  OK  [0m] Reached target Encrypted Volumes.
[   26.587294] systemd[1]: Set up automount Arbitrary Executable File Formats File System Automount Point.
[[0;32m  OK  [0m] Set up automount Arbitrary Executab...ats File System Automount Point.
[   26.747532] systemd[1]: Starting Uncomplicated firewall...
         Starting Uncomplicated firewall...
[   26.803252] systemd[1]: Listening on Syslog Socket.
[[0;32m  OK  [0m] Listening on Syslog Socket.
[   26.935192] systemd[1]: Starting Journal Service...
         Starting Journal Service...
[   26.987551] systemd[1]: Starting Set console keymap...
         Starting Set console keymap...
[   27.074960] systemd[1]: Starting Load Kernel Modules...
         Starting Load Kernel Modules...
[   27.157514] systemd[1]: Created slice User and Session Slice.
[[0;32m  OK  [0m] Created slice User and Session Slice.
[   27.160619] systemd[1]: Reached target Slices.
[[0;32m  OK  [0m] Reached target Slices.
[   27.168125] systemd[1]: Started Forward Password Requests to Wall Directory Watch.
[[0;32m  OK  [0m] Started Forward Password Requests to Wall Directory Watch.
[   27.195149] systemd[1]: Mounting Huge Pages File System...
         Mounting Huge Pages File System.[   27.283900] Loading iSCSI transport class v2.0-870.
..
[   27.371328] systemd[1]: Started Trigger resolvconf update for networkd DNS.
[[0;32m  OK  [[   27.467847] iscsi: registered transport (tcp)
0m] Started Trigger resolvconf update for networkd DNS.
[   27.487415] systemd[1]: Created slice system-serial\x2dgetty.slice.
[[0;32m  OK  [0m] Created slice system-serial\x2dgetty.slice.
[   27.535596] systemd[1]: Listening on udev Kernel Socket.
[[0;32m  OK  [0m] Listening on udev Kernel Socket.
[   27.599670] iscsi: registered transport (iser)
[   28.299220] systemd[1]: Listening on /dev/initctl Compatibility Named Pipe.
[[0;32m  OK  [0m] Listening on /dev/initctl Compatibility Named Pipe.
[   28.471642] systemd[1]: Listening on udev Control Socket.
[[0;32m  OK  [0m] Listening on udev Control Socket.
[   28.552778] systemd[1]: Mounted Huge Pages File System.
[[0;32m  OK  [0m] Mounted Huge Pages File System.
[   28.571322] systemd[1]: Mounted Debug File System.
[[0;32m  OK  [0m] Mounted Debug File System.
[   28.595769] systemd[1]: Mounted POSIX Message Queue File System.
[[0;32m  OK  [0m] Mounted POSIX Message Queue File System.
[   28.655439] systemd[1]: Started Journal Service.
[[0;32m  OK  [0m] Started Journal Service.
[[0;32m  OK  [0m] Started Create list of required sta...ce nodes for the current kernel.
[[0;32m  OK  [0m] Started Remount Root and Kernel File Systems.
[[0;32m  OK  [0m] Started Uncomplicated firewall.
[[0;32m  OK  [0m] Started Set console keymap.
[[0;32m  OK  [0m] Started Load Kernel Modules.
[[0;32m  OK  [0m] Started Nameserver information manager.
[[0;32m  OK  [0m] Started LVM2 metadata daemon.
         Mounting FUSE Control File System...
         Starting Apply Kernel Variables...
         Starting Initial cloud-init job (pre-networking)...
         Starting Load/Save Random Seed...
         Starting udev Coldplug all Devices...
         Starting Create Static Device Nodes in /dev...
         Starting Flush Journal to Persistent Storage...
[[0;32m  OK  [0m] Mounted FUSE Control File System.
[[0;32m  OK  [0m] Started Monitoring of LVM2 mirrors,...ng dmeventd or progress polling.
[[0;32m  OK  [0m] Started Apply Kernel Variables.
[[0;32m  OK  [0m] Started Load/Save Random Seed.
[[0;32m  OK  [0m] Started Create Static Device Nodes in /dev.
[[0;32m  OK  [0m] Started udev Coldplug all Devices.
         Starting udev Kernel Device Manager...
[[0;32m  OK  [0m] Started Flush Journal to Persistent Storage.
[[0;32m  OK  [0m] Started udev Kernel Device Manager.
[[0;32m  OK  [0m] Started Dispatch Password Requests to Console Directory Watch.
[[0;32m  OK  [0m] Reached target Local File Systems (Pre).
[[0;32m  OK  [0m] Reached target Local File Systems.
         Starting Set console font and keymap...
         Starting LSB: AppArmor initialization...
         Starting Create Volatile Files and Directories...
         Starting Tell Plymouth To Write Out Runtime Data...
[[0;32m  OK  [0m] Found device /dev/ttyS0.
[[0;32m  OK  [0m] Started Tell Plymouth To Write Out Runtime Data.
[[0;32m  OK  [0m] Started Create Volatile Files and Directories.
[[0;32m  OK  [0m] Reached target System Time Synchronized.
         Starting Update UTMP about System Boot/Shutdown...
[[0;32m  OK  [0m] Started Update UTMP about System Boot/Shutdown.
[[0;32m  OK  [0m] Found device 82540EM Gigabit Ethern...r (PRO/1000 MT Desktop Adapter).
[[0;32m  OK  [0m] Found device 82540EM Gigabit Ethern...r (PRO/1000 MT Desktop Adapter).
[[0;32m  OK  [0m] Started Set console font and keymap.
[[0;32m  OK  [0m] Listening on Load/Save RF Kill Switch Status /dev/rfkill Watch.
[[0;32m  OK  [0m] Created slice system-getty.slice.
[[0;32m  OK  [0m] Started LSB: AppArmor initialization.
[   24.588005] cloud-init[444]: Cloud-init v. 0.7.9 running 'init-local' at Thu, 11 Jan 2018 01:33:32 +0000. Up 23.52 seconds.
[[0;32m  OK  [0m] Started Initial cloud-init job (pre-networking).
[[0;32m  OK  [0m] Reached target Network (Pre).
         Starting Raise network interfaces...
[[0;32m  OK  [0m] Started ifup for enp0s3.
[[0;32m  OK  [0m] Started ifup for enp0s8.
[[0;32m  OK  [0m] Started Raise network interfaces.
[[0;32m  OK  [0m] Reached target Network.
         Starting Initial cloud-init job (metadata service crawler)...
[   27.515519] cloud-init[1052]: Cloud-init v. 0.7.9 running 'init' at Thu, 11 Jan 2018 01:33:34 +0000. Up 25.89 seconds.
[   27.549352] cloud-init[1052]: ci-info: ++++++++++++++++++++++++++++++++++++++Net device info++++++++++++++++++++++++++++++++++++++
[   27.665218] cloud-init[1052]: ci-info: +--------+------+-----------------------------+---------------+-------+-------------------+
[   27.665464] cloud-init[1052]: ci-info: | Device |  Up  |           Address           |      Mask     | Scope |     Hw-Address    |
[[0;32m  OK  [0m] Started Initial cloud-init job (metadata service crawler).
[   27.665643] cloud-init[1052]: ci-info: +--------+------+-----------------------------+---------------+-------+-------------------+
[   28.156819] cloud-init[1052]: ci-info: |   lo   | True |          127.0.0.1          |   255.0.0.0   |   .   |         .         |
[   28.157166] cloud-init[1052]: ci-info: |   lo   | True |           ::1/128           |       .       |  host |         .         |
[[0;32m  OK  [0m] Reached target Network is Online.
[   28.157297] cloud-init[1052]: ci-info: | enp0s8 | True |       192.168.195.149       | 255.255.255.0 |   .   | 08:00:27:0c:3e:11 |
[   28.578915] cloud-init[1052]: ci-info: | enp0s8 | True | fe80::a00:27ff:fe0c:3e11/64 |       .       |  link | 08:00:27:0c:3e:11 |
[   28.579173] cloud-init[1052]: ci-info: | enp0s3 | True |          10.0.2.15          | 255.255.255.0 |   .   | 02:53:17:3c:de:80 |
         Starting iSCSI initiator daemon (iscsid)...
[   28.579347] cloud-init[1052]: ci-info: | enp0s3 | True |  fe80::53:17ff:fe3c:de80/64 |       .       |  link | 02:53:17:3c:de:80 |
[   28.873060] cloud-init[1052]: ci-info: +--------+------+-----------------------------+---------------+-------+-------------------+
[[0;32m  OK  [0m] Reached target Cloud-config availability.
[   28.873211] cloud-init[1052]: ci-info: ++++++++++++++++++++++++++++Route IPv4 info+++++++++++++++++++++++++++++
[   29.209742] cloud-init[1052]: ci-info: +-------+---------------+----------+---------------+-----------+-------+
[[0;32m  OK  [0m] Reached target System Initialization.
[   29.209882] cloud-init[1052]: ci-info: | Route |  Destination  | Gateway  |    Genmask    | Interface | Flags |
[   29.406757] cloud-init[1052]: ci-info: +-------+---------------+----------+---------------+-----------+-------+
[[0;32m  OK  [0m] Listening on D-Bus System Message Bus Socket.
[[   29.406884] cloud-init[1052]: ci-info: |   0   |    0.0.0.0    | 10.0.2.2 |    0.0.0.0    |   enp0s3  |   UG  |
[   29.473312] cloud-init[1052]: ci-info: |   1   |    10.0.2.0   | 0.0.0.0  | 255.255.255.0 |   enp0s3  |   U   |
[   29.473504] cloud-init[1052]: ci-info: |   2   | 192.168.195.0 | 0.0.0.0  | 255.255.255.0 |   enp0s8  |   U   |
[0;32m  OK  [0m] Started Daily Cleanup of Temporary Directories.
[   29.473669] cloud-init[1052]: ci-info: +-------+---------------+----------+---------------+-----------+-------+
[[0;32m  OK  [0m] Listening on ACPID Listen Socket.
[[0;32m  OK  [0m] Started Timer to automatically refresh installed snaps.
[[0;32m  OK  [0m] Listening on UUID daemon activation socket.
         Starting Socket activation for snappy daemon.
[[0;32m  OK  [0m] Started ACPI Events Check.
[[0;32m  OK  [0m] Reached target Paths.
         Starting LXD - unix socket.
[[0;32m  OK  [0m] Started Daily apt download activities.
[[0;32m  OK  [0m] Started Daily apt upgrade and clean activities.
[[0;32m  OK  [0m] Reached target Timers.
[[0;32m  OK  [0m] Listening on Socket activation for snappy daemon.
[[0;32m  OK  [0m] Listening on LXD - unix socket.
[[0;32m  OK  [0m] Reached target Sockets.
[[0;32m  OK  [0m] Reached target Basic System.
[[0;32m  OK  [0m] Started Regular background program processing daemon.
         Starting LXD - container startup/shutdown...
         Starting Accounts Service...
         Starting LSB: MD monitoring daemon...
[[0;32m  OK  [0m] Started D-Bus System Message Bus.
         Starting Apply the settings specified in cloud-config...
[[0;32m  OK  [0m] Started Deferred execution scheduler.
[[0;32m  OK  [0m] Started FUSE filesystem for LXC.
         Starting A high performance web server and a reverse proxy server...
         Starting LSB: Record successful boot for GRUB...
         Starting /etc/rc.local Compatibility...
[[0;32m  OK  [0m] Started ACPI event daemon.
         Starting Login Service...
[[0;32m  OK  [0m] Started Unattended Upgrades Shutdown.
         Starting System Logging Service...
         Starting Snappy daemon...
         Starting The PHP 7.0 FastCGI Process Manager...
         Starting MySQL Community Server...
         Starting OpenBSD Secure Shell server...
[[0;32m  OK  [0m] Started iSCSI initiator daemon (iscsid).
[[0;32m  OK  [0m] Started /etc/rc.local Compatibility.
         Starting Authenticate and Authorize Users to Run Privileged Tasks...
         Starting Login to default iSCSI targets...
[[0;32m  OK  [0m] Started Login Service.
[[0;32m  OK  [0m] Started LSB: Record successful boot for GRUB.
[[0;32m  OK  [0m] Started System Logging Service.
[[0;32m  OK  [0m] Started Login to default iSCSI targets.
[[0;32m  OK  [0m] Reached target Remote File Systems (Pre).
[[0;32m  OK  [0m] Reached target Remote File Systems.
         Starting LSB: VirtualBox Linux Additions...
         Starting LSB: daemon to balance interrupts for SMP systems...
         Starting LSB: automatic crash report generation...
         Starting Permit User Sessions...
         Starting LSB: Set the CPU Frequency Scaling governor to "ondemand"...
         Starting LSB: Apache2 web server...
[[0;32m  OK  [0m] Started LSB: MD monitoring daemon.
[[0;32m  OK  [0m] Started Authenticate and Authorize Users to Run Privileged Tasks.
[[0;32m  OK  [0m] Started Accounts Service.
[   32.182256] cloud-init[1123]: Cloud-init v. 0.7.9 running 'modules:config' at Thu, 11 Jan 2018 01:33:39 +0000. Up 31.15 seconds.
[[0;32m  OK  [0m] Started Apply the settings specified in cloud-config.
[[0;32m  OK  [0m] Started LSB: Set the CPU Frequency Scaling governor to "ondemand".
[[0;32m  OK  [0m] Started Permit User Sessions.
         Starting Terminate Plymouth Boot Screen...
         Starting Hold until boot process finishes up...
[[0;32m  OK  [0m] Started Terminate Plymouth Boot Screen.
[[0;32m  OK  [0m] Started Hold until boot process finishes up.
[[0;32m  OK  [0m] Started Serial Getty on ttyS0.
         Starting Set console scheme...
[[0;32m  OK  [0m] Started Getty on tty1.
[[0;32m  OK  [0m] Reached target Login Prompts.
[[0;32m  OK  [0m] Started LSB: daemon to balance interrupts for SMP systems.
[[0;32m  OK  [0m] Started Set console scheme.
[[0;32m  OK  [0m] Started LSB: automatic crash report generation.
[[0;32m  OK  [0m] Started OpenBSD Secure Shell server.
[[0;32m  OK  [0m] Started LSB: VirtualBox Linux Additions.
[[0;32m  OK  [0m] Started A high performance web server and a reverse proxy server.
[[0;32m  OK  [0m] Created slice User Slice of ubuntu.
         Starting User Manager for UID 1000...
[[0;32m  OK  [0m] Started Session 1 of user ubuntu.
[[0;32m  OK  [0m] Started User Manager for UID 1000.
[[0;32m  OK  [0m] Started LXD - container startup/shutdown.
[[0;32m  OK  [0m] Started Snappy daemon.
[[0;32m  OK  [0m] Started LSB: Apache2 web server.

Ubuntu 16.04.3 LTS ubuntu-xenial ttyS0

ubuntu-xenial login: [   41.684470] cloud-init[1629]: Cloud-init v. 0.7.9 running 'modules:final' at Thu, 11 Jan 2018 01:33:50 +0000. Up 41.47 seconds.
[   41.684665] cloud-init[1629]: Cloud-init v. 0.7.9 finished at Thu, 11 Jan 2018 01:33:50 +0000. Datasource DataSourceNoCloud [seed=/dev/sdb][dsmode=net].  Up 41.67 seconds
[[0;32m  OK  [0m] Closed Load/Save RF Kill Switch Status /dev/rfkill Watch.
[[0;32m  OK  [0m] Stopped target Graphical Inte[[0;32m  OK  [0m] Stopped target Cloud-config availability.
         Stopping LXD - container startup/shutdown...
         Stopping LSB: Record successful boot for GRUB...
[[0;32m  OK  [0m] Unmounted /var/lib/lxcfs.
[[0;32m  OK  [0m] Stopped Regular background program processing daemon.
[[0;32m  OK  [0m] Stopped Accounts Service.
[[0;32m  OK  [0m] Stopped Deferred execution scheduler.
[[0;32m  OK  [0m] Stopped ACPI event daemon.
[[0;32m  OK  [0m] Stopped System Logging Service.
[[0;32m  OK  [0m] Stopped Snappy daemon.
[[0;32m  OK  [0m] Stopped OpenBSD Secure Shell server.
[[0;32m  OK  [0m] Stopped Authenticate and Authorize Users to Run Privileged Tasks.
[[0;32m  OK  [0m] Stopped Serial Getty on ttyS0.
[[0;32m  OK  [0m] Stopped Getty on tty1.
[[0;32m  OK  [0m] Stopped The PHP 7.0 FastCGI Process Manager.
[[0;32m  OK  [0m] Stopped User Manager for UID 1000.
[[0;32m  OK  [0m] Stopped Unattended Upgrades Shutdown.
[[0;32m  OK  [0m] Stopped Session 2 of user ubuntu.
[[0;32m  OK  [0m] Stopped A high performance web server and a reverse proxy server.
[[0;32m  OK  [0m] Stopped D-Bus System Message Bus.
[[0;32m  OK  [0m] Stopped FUSE filesystem for LXC.
[[0;32m  OK  [0m] Stopped LSB: daemon to balance interrupts for SMP systems.
[[0;32m  OK  [0m] Stopped LSB: VirtualBox Linux Additions.
[[0;32m  OK  [0m] Stopped LSB: Set the CPU Frequency Scaling governor to "ondemand".
[[0;32m  OK  [0m] Stopped LSB: MD monitoring daemon.
[[0;32m  OK  [0m] Stopped LSB: automatic crash report generation.
[[0;32m  OK  [0m] Stopped LSB: Record successful boot for GRUB.
[[0;32m  OK  [0m] Stopped LXD - container startup/shutdown.
[[0;32m  OK  [0m] Removed slice User Slice of ubuntu.
         Stopping Login Service...
[[0;32m  OK  [0m] Removed slice system-getty.slice.
         Stopping Permit User Sessions...
[[0;32m  OK  [0m] Removed slice system-serial\x2dgetty.slice.
[[0;32m  OK  [0m] Stopped /etc/rc.local Compatibility.
[[0;32m  OK  [0m] Stopped Login Service.
[[0;32m  OK  [0m] Stopped Permit User Sessions.
[[0;32m  OK  [0m] Stopped target Remote File Systems.
[[0;32m  OK  [0m] Stopped target Remote File Systems (Pre).
         Stopping Login to default iSCSI targets...
[[0;32m  OK  [0m] Stopped target User and Group Name Lookups.
[[0;32m  OK  [0m] Stopped MySQL Community Server.
[[0;32m  OK  [0m] Stopped target Basic System.
[[0;32m  OK  [0m] Stopped target Paths.
[[0;32m  OK  [0m] Stopped ACPI Events Check.
[[0;32m  OK  [0m] Stopped Dispatch Password Requests to Console Directory Watch.
[[0;32m  OK  [0m] Stopped Forward Password Requests to Wall Directory Watch.
[[0;32m  OK  [0m] Stopped target Slices.
[[0;32m  OK  [0m] Removed slice User and Session Slice.
[[0;32m  OK  [0m] Stopped target Sockets.
[[0;32m  OK  [0m] Closed Socket activation for snappy daemon.
[[0;32m  OK  [0m] Closed Syslog Socket.
[[0;32m  OK  [0m] Closed UUID daemon activation socket.
[[0;32m  OK  [0m] Closed ACPID Listen Socket.
[[0;32m  OK  [0m] Closed LXD - unix socket.
[[0;32m  OK  [0m] Closed D-Bus System Message Bus Socket.
[[0;32m  OK  [0m] Stopped target System Initialization.
         Stopping Load/Save Random Seed...
[[0;32m  OK  [0m] Stopped target Encrypted Volumes.
[[0;32m  OK  [0m] Stopped target Swap.
         Stopping Update UTMP about System Boot/Shutdown...
[[0;32m  OK  [0m] Stopped Load/Save Random Seed.
[[0;32m  OK  [0m] Stopped Update UTMP about System Boot/Shutdown.
[[0;32m  OK  [0m] Stopped Login to default iSCSI targets.
         Stopping iSCSI initiator daemon (iscsid)...
[[0;32m  OK  [0m] Stopped Create Volatile Files and Directories.
[[0;32m  OK  [0m] Stopped iSCSI initiator daemon (iscsid).
[[0;32m  OK  [0m] Stopped target Network is Online.
[[0;32m  OK  [0m] Stopped target Network.
[[0;32m  OK  [0m] Stopped Initial cloud-init job (metadata service crawler).
         Stopping Raise network interfaces...
[[0;32m  OK  [0m] Stopped Raise network interfaces.
[[0;32m  OK  [0m] Stopped Apply Kernel Variables.
[[0;32m  OK  [0m] Stopped target Network (Pre).
[[0;32m  OK  [0m] Stopped Initial cloud-init job (pre-networking).
[[0;32m  OK  [0m] Stopped Load Kernel Modules.
[[0;32m  OK  [0m] Stopped target Local File Systems.
         Unmounting /vagrant...
         Unmounting /run/user/1000...
[[0;32m  OK  [0m] Unmounted /vagrant.
[[0;32m  OK  [0m] Unmounted /run/user/1000.
[[0;32m  OK  [0m] Reached target Unmount All Filesystems.
[[0;32m  OK  [0m] Stopped target Local File Systems (Pre).
[[0;32m  OK  [0m] Stopped Remount Root and Kernel File Systems.
         Stopping Monitoring of LVM2 mirrors... dmeventd or progress polling...
[[0;32m  OK  [0m] Stopped Create Static Device Nodes in /dev.
[[0;32m  OK  [0m] Reached target Shutdown.
[ 897379] reboot:Por down